<?xml version="1.0" encoding="UTF-8"?>
<!-- Generated by org.testng.reporters.JUnitReportReporter -->
<testsuite hostname="DESKTOP-0RR1Q60" failures="0" tests="1" name="ord.assignmnet.Assigment1" time="32.564" errors="0" timestamp="2022-05-15T15:47:17 IST" skipped="0">
  <testcase classname="ord.assignmnet.Assigment1" name="demoTest" time="32.564"/>
  <system-out/>
</testsuite> <!-- ord.assignmnet.Assigment1 -->
